<?xml version="1.0" encoding="UTF-8"?>
<!-- Generated by org.testng.reporters.JUnitReportReporter -->
<testsuite hostname="hms-PC" name="HMSTestProject.HMSTestProject.HMSProjectTest" tests="1" failures="0" timestamp="26 Jul 2017 11:11:40 GMT" time="22.526" errors="0">
  <testcase name="fn_TC" time="22.526" classname="HMSTestProject.HMSTestProject.HMSProjectTest"/>
</testsuite> <!-- HMSTestProject.HMSTestProject.HMSProjectTest -->
